<?xml version="1.0" encoding="UTF-8"?>
<testng-results skipped="0" failed="0" ignored="0" total="1" passed="1">
  <reporter-output>
  </reporter-output>
  <suite name="Default suite" duration-ms="2172" started-at="2019-01-18T00:47:05Z" finished-at="2019-01-18T00:47:07Z">
    <groups>
    </groups>
    <test name="Default test" duration-ms="2172" started-at="2019-01-18T00:47:05Z" finished-at="2019-01-18T00:47:07Z">
      <class name="api.test.RestassuredPost">
        <test-method status="PASS" signature="postReq()[pri:0, instance:api.test.RestassuredPost@604ed9f0]" name="postReq" duration-ms="2125" started-at="2019-01-18T00:47:05Z" finished-at="2019-01-18T00:47:07Z">
          <reporter-output>
          </reporter-output>
        </test-method> <!-- postReq -->
      </class> <!-- api.test.RestassuredPost -->
    </test> <!-- Default test -->
  </suite> <!-- Default suite -->
</testng-results>
